
> smartsms@0.1.0 start /root/smartsms/smartsms
> react-scripts start

[34mℹ[39m [90m｢wds｣[39m: Project is running at http://0.0.0.0:3000/
[34mℹ[39m [90m｢wds｣[39m: webpack output is served from 
[34mℹ[39m [90m｢wds｣[39m: Content not from webpack is served from /root/smartsms/smartsms/public
[34mℹ[39m [90m｢wds｣[39m: 404s will fallback to /
Starting the development server...

Compiled successfully!

You can now view smartsms in the browser.

  http://localhost:3000

Note that the development build is not optimized.
To create a production build, use npm run build.


> smartsms@0.1.0 start /root/smartsms/smartsms
> react-scripts start

[34mℹ[39m [90m｢wds｣[39m: Project is running at http://0.0.0.0:3000/
[34mℹ[39m [90m｢wds｣[39m: webpack output is served from 
[34mℹ[39m [90m｢wds｣[39m: Content not from webpack is served from /root/smartsms/smartsms/public
[34mℹ[39m [90m｢wds｣[39m: 404s will fallback to /
Starting the development server...

Compiled successfully!

You can now view smartsms in the browser.

  http://localhost:3000

Note that the development build is not optimized.
To create a production build, use npm run build.

The build failed because the process exited too early. This probably means the system ran out of memory or someone called `kill -9` on the process.
npm ERR! code ELIFECYCLE
npm ERR! errno 1
npm ERR! smartsms@0.1.0 start: `react-scripts start`
npm ERR! Exit status 1
npm ERR! 
npm ERR! Failed at the smartsms@0.1.0 start script.
npm ERR! This is probably not a problem with npm. There is likely additional logging output above.

npm ERR! A complete log of this run can be found in:
npm ERR!     /root/.npm/_logs/2021-10-04T10_23_15_068Z-debug.log

> smartsms@0.1.0 start /root/smartsms/smartsms
> react-scripts start

[34mℹ[39m [90m｢wds｣[39m: Project is running at http://0.0.0.0:3000/
[34mℹ[39m [90m｢wds｣[39m: webpack output is served from 
[34mℹ[39m [90m｢wds｣[39m: Content not from webpack is served from /root/smartsms/smartsms/public
[34mℹ[39m [90m｢wds｣[39m: 404s will fallback to /
Starting the development server...

Compiled successfully!

You can now view smartsms in the browser.

  http://localhost:3000

Note that the development build is not optimized.
To create a production build, use npm run build.

The build failed because the process exited too early. This probably means the system ran out of memory or someone called `kill -9` on the process.
npm ERR! code ELIFECYCLE
npm ERR! errno 1
npm ERR! smartsms@0.1.0 start: `react-scripts start`
npm ERR! Exit status 1
npm ERR! 
npm ERR! Failed at the smartsms@0.1.0 start script.
npm ERR! This is probably not a problem with npm. There is likely additional logging output above.

npm ERR! A complete log of this run can be found in:
npm ERR!     /root/.npm/_logs/2021-10-04T13_54_36_407Z-debug.log

> smartsms@0.1.0 start /root/smartsms/smartsms
> react-scripts start

[34mℹ[39m [90m｢wds｣[39m: Project is running at http://0.0.0.0:3000/
[34mℹ[39m [90m｢wds｣[39m: webpack output is served from 
[34mℹ[39m [90m｢wds｣[39m: Content not from webpack is served from /root/smartsms/smartsms/public
[34mℹ[39m [90m｢wds｣[39m: 404s will fallback to /
Starting the development server...

Compiled successfully!

You can now view smartsms in the browser.

  http://localhost:3000

Note that the development build is not optimized.
To create a production build, use npm run build.


> smartsms@0.1.0 start /root/smartsms/smartsms
> react-scripts start

[34mℹ[39m [90m｢wds｣[39m: Project is running at http://0.0.0.0:3000/
[34mℹ[39m [90m｢wds｣[39m: webpack output is served from 
[34mℹ[39m [90m｢wds｣[39m: Content not from webpack is served from /root/smartsms/smartsms/public
[34mℹ[39m [90m｢wds｣[39m: 404s will fallback to /
Starting the development server...

Compiled successfully!

You can now view smartsms in the browser.

  http://localhost:3000

Note that the development build is not optimized.
To create a production build, use npm run build.


> smartsms@0.1.0 start /root/smartsms/smartsms
> react-scripts start

[34mℹ[39m [90m｢wds｣[39m: Project is running at http://0.0.0.0:3000/
[34mℹ[39m [90m｢wds｣[39m: webpack output is served from 
[34mℹ[39m [90m｢wds｣[39m: Content not from webpack is served from /root/smartsms/smartsms/public
[34mℹ[39m [90m｢wds｣[39m: 404s will fallback to /
Starting the development server...

Compiled successfully!

You can now view smartsms in the browser.

  http://localhost:3000

Note that the development build is not optimized.
To create a production build, use npm run build.


> smartsms@0.1.0 start /root/smartsms/smartsms
> react-scripts start

[34mℹ[39m [90m｢wds｣[39m: Project is running at http://0.0.0.0:3000/
[34mℹ[39m [90m｢wds｣[39m: webpack output is served from 
[34mℹ[39m [90m｢wds｣[39m: Content not from webpack is served from /root/smartsms/smartsms/public
[34mℹ[39m [90m｢wds｣[39m: 404s will fallback to /
Starting the development server...

Compiled successfully!

You can now view smartsms in the browser.

  http://localhost:3000

Note that the development build is not optimized.
To create a production build, use npm run build.

